ERROR 2016-03-09::11:35:28.145 >> 3
java.lang.ArrayIndexOutOfBoundsException: 3
	at reital.parquesamanes.rxtx.repeater.app.RepeaterApp.main(RepeaterApp.java:42)
INFO  2016-03-09::11:35:30.114 >> Inicializacion de "RepeaterApp": idPuerto_IN="COM6" idPuerto_INOUT="COM7" osCommandToOpenBar="mstsc"
INFO  2016-03-09::11:37:57.055 >> Inicializacion de "RepeaterApp": idPuerto_IN="COM6" idPuerto_INOUT="COM7" osCommandToOpenBar="mstsc"
INFO  2016-03-09::11:37:59.309 >> Puerto configurado en: "COM6".
INFO  2016-03-09::11:37:59.731 >> Puerto encontrado: "COM6".
INFO  2016-03-09::11:37:59.757 >> COM6 inicializado ok.
INFO  2016-03-09::11:38:00.460 >> Puerto configurado en: "COM7".
INFO  2016-03-09::11:38:00.570 >> Puerto encontrado: "COM7".
INFO  2016-03-09::11:38:00.591 >> COM7 inicializado ok.
INFO  2016-03-09::11:38:00.841 >> Sistema trabajando...
INFO  2016-03-09::11:38:48.460 >> Inicializacion de "RepeaterApp": idPuerto_IN="COM6" idPuerto_INOUT="COM7" osCommandToOpenBar="mstsc"
INFO  2016-03-09::11:38:49.961 >> Puerto configurado en: "COM6".
INFO  2016-03-09::11:38:50.242 >> Puerto encontrado: "COM6".
ERROR 2016-03-09::11:38:50.258 >> ERROR: EL PUERTO COM6 ESTA OCUPADO [Unknown Application]
gnu.io.PortInUseException: Unknown Application
	at gnu.io.CommPortIdentifier.open(CommPortIdentifier.java:467)
	at reital.parquesamanes.rxtx.app.PuertoSerial.initialize(PuertoSerial.java:68)
	at reital.parquesamanes.rxtx.repeater.app.RepeaterDelegated.initializeIN(RepeaterDelegated.java:78)
	at reital.parquesamanes.rxtx.repeater.app.RepeaterDelegated.initialize(RepeaterDelegated.java:48)
	at reital.parquesamanes.rxtx.repeater.app.RepeaterDelegated.<init>(RepeaterDelegated.java:31)
	at reital.parquesamanes.rxtx.repeater.app.RepeaterApp.initialize(RepeaterApp.java:69)
	at reital.parquesamanes.rxtx.repeater.app.RepeaterApp.<init>(RepeaterApp.java:58)
	at reital.parquesamanes.rxtx.repeater.app.RepeaterApp.main(RepeaterApp.java:51)
INFO  2016-03-09::11:38:50.352 >> Puerto configurado en: "COM7".
INFO  2016-03-09::11:38:50.461 >> Puerto encontrado: "COM7".
ERROR 2016-03-09::11:38:50.477 >> ERROR: EL PUERTO COM7 ESTA OCUPADO [Unknown Application]
gnu.io.PortInUseException: Unknown Application
	at gnu.io.CommPortIdentifier.open(CommPortIdentifier.java:467)
	at reital.parquesamanes.rxtx.app.PuertoSerial.initialize(PuertoSerial.java:68)
	at reital.parquesamanes.rxtx.repeater.app.RepeaterDelegated.initializeINOUT(RepeaterDelegated.java:145)
	at reital.parquesamanes.rxtx.repeater.app.RepeaterDelegated.initialize(RepeaterDelegated.java:54)
	at reital.parquesamanes.rxtx.repeater.app.RepeaterDelegated.<init>(RepeaterDelegated.java:31)
	at reital.parquesamanes.rxtx.repeater.app.RepeaterApp.initialize(RepeaterApp.java:69)
	at reital.parquesamanes.rxtx.repeater.app.RepeaterApp.<init>(RepeaterApp.java:58)
	at reital.parquesamanes.rxtx.repeater.app.RepeaterApp.main(RepeaterApp.java:51)
ERROR 2016-03-09::11:38:50.617 >> ERROR: no hay procesos activos de entrada o salida desde los puertos seriales. Revise logs. Saliendo del sistema.
